Using pre-set license
Built from '2020.2/staging' branch; Version is '2020.2.6f1 (8a2143876886) revision 9052483'; Using compiler version '192528614'; Build Type 'Release'
OS: 'Windows 10 Pro; OS build 22000.194; Version 2009; 64bit' Language: 'en' Physical Memory: 8073 MB
BatchMode: 1, IsHumanControllingUs: 0, StartBugReporterOnCrash: 0, Is64bit: 1, IsPro: 0

 COMMAND LINE ARGUMENTS:
E:\#UnityStuff2\Unity\Editor\Unity.exe
-adb2
-batchMode
-noUpm
-name
AssetImportWorker0
-projectPath
E:/multimedia/UnityProjects/2048
-logFile
Logs/AssetImportWorker0.log
-srvPort
52686
Successfully changed project path to: E:/multimedia/UnityProjects/2048
E:/multimedia/UnityProjects/2048
Using Asset Import Pipeline V2.
Refreshing native plugins compatible for Editor in 46.39 ms, found 1 plugins.
Preloading 0 native plugins for Editor in 0.00 ms.
Initialize engine version: 2020.2.6f1 (8a2143876886)
[Subsystems] Discovering subsystems at path E:/#UnityStuff2/Unity/Editor/Data/Resources/UnitySubsystems
[Subsystems] Discovering subsystems at path E:/multimedia/UnityProjects/2048/Assets
GfxDevice: creating device client; threaded=0
Direct3D:
    Version:  Direct3D 11.0 [level 11.0]
    Renderer: NVIDIA GeForce 920MX (ID=0x134f)
    Vendor:   
    VRAM:     2010 MB
    Driver:   27.21.14.5167
Initialize mono
Mono path[0] = 'E:/#UnityStuff2/Unity/Editor/Data/Managed'
Mono path[1] = 'E:/#UnityStuff2/Unity/Editor/Data/MonoBleedingEdge/lib/mono/unityjit'
Mono config path = 'E:/#UnityStuff2/Unity/Editor/Data/MonoBleedingEdge/etc'
Using monoOptions --debugger-agent=transport=dt_socket,embedding=1,server=y,suspend=n,address=127.0.0.1:56076
Begin MonoManager ReloadAssembly
Registering precompiled unity dll's ...
Register platform support module: E:/#UnityStuff2/Unity/Editor/Data/PlaybackEngines/WindowsStandaloneSupport/UnityEditor.WindowsStandalone.Extensions.dll
Registered in 0.001937 seconds.
Native extension for WindowsStandalone target not found
Refreshing native plugins compatible for Editor in 44.13 ms, found 1 plugins.
Preloading 0 native plugins for Editor in 0.00 ms.
Invoked RoslynAnalysisRunner static constructor.
RoslynAnalysisRunner will not be running.
RoslynAnalysisRunner has terminated.
Mono: successfully reloaded assembly
- Completed reload, in  1.140 seconds
Platform modules already initialized, skipping
Registering precompiled user dll's ...
Registered in 0.000943 seconds.
Begin MonoManager ReloadAssembly
Native extension for WindowsStandalone target not found
Refreshing native plugins compatible for Editor in 45.30 ms, found 1 plugins.
Preloading 0 native plugins for Editor in 0.00 ms.
Invoked RoslynAnalysisRunner static constructor.
RoslynAnalysisRunner will not be running.
RoslynAnalysisRunner has terminated.
Mono: successfully reloaded assembly
- Completed reload, in  1.221 seconds
Platform modules already initialized, skipping
========================================================================
Worker process is ready to serve import requests
Launched and connected shader compiler UnityShaderCompiler.exe after 0.13 seconds
Refreshing native plugins compatible for Editor in 0.37 ms, found 1 plugins.
Preloading 0 native plugins for Editor in 0.00 ms.
Unloading 1800 Unused Serialized files (Serialized files now loaded: 0)
System memory in use before: 84.5 MB.
System memory in use after: 84.5 MB.

Unloading 24 unused Assets to reduce memory usage. Loaded Objects now: 2242.
Total: 3.238800 ms (FindLiveObjects: 0.534400 ms CreateObjectMapping: 0.241800 ms MarkObjects: 2.314300 ms  DeleteObjects: 0.146100 ms)

========================================================================
Received Import Request.
  path: Assets/Scripts/Cells2048.cs
  artifactKey: Guid(13c379cb257b86f40848098dc9b35417) Importer(815301076,1909f56bfc062723c751e8b465ee728b)
Start importing Assets/Scripts/Cells2048.cs using Guid(13c379cb257b86f40848098dc9b35417) Importer(815301076,1909f56bfc062723c751e8b465ee728b)  -> (artifact id: '2225f02c6685b243a71ea7935f342a9b') in 0.203347 seconds
  Import took 0.526630 seconds .

========================================================================
Received Prepare
Refreshing native plugins compatible for Editor in 216.61 ms, found 1 plugins.
Preloading 0 native plugins for Editor in 0.00 ms.
Unloading 10 Unused Serialized files (Serialized files now loaded: 0)
System memory in use before: 49.0 MB.
System memory in use after: 49.0 MB.

Unloading 10 unused Assets to reduce memory usage. Loaded Objects now: 2242.
Total: 3.641000 ms (FindLiveObjects: 0.380100 ms CreateObjectMapping: 0.173700 ms MarkObjects: 2.963900 ms  DeleteObjects: 0.120600 ms)

========================================================================
Received Import Request.
  Time since last request: 325.618369 seconds.
  path: Assets/Scripts/GameControlelr2048.cs
  artifactKey: Guid(4ccf01541fc2493498c5fda155dfe643) Importer(815301076,1909f56bfc062723c751e8b465ee728b)
Start importing Assets/Scripts/GameControlelr2048.cs using Guid(4ccf01541fc2493498c5fda155dfe643) Importer(815301076,1909f56bfc062723c751e8b465ee728b)  -> (artifact id: '226aa0766faaac3abf9a43aacd3d3a6d') in 0.013519 seconds
  Import took 0.018171 seconds .

========================================================================
Received Import Request.
  Time since last request: 345.864372 seconds.
  path: Assets/Scripts/GameControlelr2048.cs
  artifactKey: Guid(4ccf01541fc2493498c5fda155dfe643) Importer(815301076,1909f56bfc062723c751e8b465ee728b)
Start importing Assets/Scripts/GameControlelr2048.cs using Guid(4ccf01541fc2493498c5fda155dfe643) Importer(815301076,1909f56bfc062723c751e8b465ee728b)  -> (artifact id: 'e700ec60144d4d74fa51e6474bea5c8e') in 0.015914 seconds
  Import took 0.256642 seconds .

========================================================================
Received Prepare
Registering precompiled user dll's ...
Registered in 0.001408 seconds.
Begin MonoManager ReloadAssembly
Native extension for WindowsStandalone target not found
Refreshing native plugins compatible for Editor in 0.43 ms, found 1 plugins.
Preloading 0 native plugins for Editor in 0.00 ms.
Invoked RoslynAnalysisRunner static constructor.
RoslynAnalysisRunner will not be running.
RoslynAnalysisRunner has terminated.
Mono: successfully reloaded assembly
- Completed reload, in  1.111 seconds
Platform modules already initialized, skipping
Switching build target platform(5) subTarget(0) extendedPlatform(0) -> platform(13) subTarget(537395200) extendedPlatform(0)
Refreshing native plugins compatible for Editor in 0.63 ms, found 1 plugins.
Preloading 0 native plugins for Editor in 0.00 ms.
Unloading 1798 Unused Serialized files (Serialized files now loaded: 0)
System memory in use before: 84.5 MB.
System memory in use after: 84.5 MB.

Unloading 12 unused Assets to reduce memory usage. Loaded Objects now: 2245.
Total: 4.227100 ms (FindLiveObjects: 0.276100 ms CreateObjectMapping: 0.277500 ms MarkObjects: 3.245600 ms  DeleteObjects: 0.425900 ms)

AssetImportParameters requested are different than current active one (requested -> active):
  custom:graphics/normal-map-encoding: 01000000000000000000000000000000 -> 02000000000000000000000000000000
========================================================================
Received Import Request.
  Time since last request: 73.153650 seconds.
  path: Assets/Scripts/GameControlelr2048.cs
  artifactKey: Guid(4ccf01541fc2493498c5fda155dfe643) Importer(815301076,1909f56bfc062723c751e8b465ee728b)
Start importing Assets/Scripts/GameControlelr2048.cs using Guid(4ccf01541fc2493498c5fda155dfe643) Importer(815301076,1909f56bfc062723c751e8b465ee728b)  -> (artifact id: '37106c426da6a6b994eb6c970985318c') in 0.010906 seconds
  Import took 0.057398 seconds .

========================================================================
Received Import Request.
  Time since last request: 0.020394 seconds.
  path: Assets/Scripts/GameControlelr2048.cs
  artifactKey: Guid(4ccf01541fc2493498c5fda155dfe643) Importer(815301076,1909f56bfc062723c751e8b465ee728b)
Start importing Assets/Scripts/GameControlelr2048.cs using Guid(4ccf01541fc2493498c5fda155dfe643) Importer(815301076,1909f56bfc062723c751e8b465ee728b)  -> (artifact id: '37106c426da6a6b994eb6c970985318c') in 0.008679 seconds
  Import took 0.036703 seconds .

========================================================================
Received Prepare
Registering precompiled user dll's ...
Registered in 0.002339 seconds.
Begin MonoManager ReloadAssembly
Native extension for WindowsStandalone target not found
Refreshing native plugins compatible for Editor in 0.36 ms, found 1 plugins.
Preloading 0 native plugins for Editor in 0.00 ms.
Invoked RoslynAnalysisRunner static constructor.
RoslynAnalysisRunner will not be running.
RoslynAnalysisRunner has terminated.
Mono: successfully reloaded assembly
- Completed reload, in  1.787 seconds
Platform modules already initialized, skipping
Switching build target platform(5) subTarget(0) extendedPlatform(0) -> platform(13) subTarget(537395200) extendedPlatform(0)
Refreshing native plugins compatible for Editor in 0.36 ms, found 1 plugins.
Preloading 0 native plugins for Editor in 0.00 ms.
Unloading 1798 Unused Serialized files (Serialized files now loaded: 0)
System memory in use before: 84.5 MB.
System memory in use after: 84.5 MB.

Unloading 12 unused Assets to reduce memory usage. Loaded Objects now: 2248.
Total: 2.733400 ms (FindLiveObjects: 0.393300 ms CreateObjectMapping: 0.124100 ms MarkObjects: 2.085100 ms  DeleteObjects: 0.128900 ms)

AssetImportParameters requested are different than current active one (requested -> active):
  custom:graphics/normal-map-encoding: 01000000000000000000000000000000 -> 02000000000000000000000000000000
========================================================================
Received Import Request.
  Time since last request: 135.686687 seconds.
  path: Assets/Scripts/GameControlelr2048.cs
  artifactKey: Guid(4ccf01541fc2493498c5fda155dfe643) Importer(815301076,1909f56bfc062723c751e8b465ee728b)
Start importing Assets/Scripts/GameControlelr2048.cs using Guid(4ccf01541fc2493498c5fda155dfe643) Importer(815301076,1909f56bfc062723c751e8b465ee728b)  -> (artifact id: '6ccd730e52729a9949621e20c0b54ef6') in 0.068957 seconds
  Import took 0.111354 seconds .

========================================================================
Received Prepare
Registering precompiled user dll's ...
Registered in 0.001675 seconds.
Begin MonoManager ReloadAssembly
Native extension for WindowsStandalone target not found
Refreshing native plugins compatible for Editor in 0.47 ms, found 1 plugins.
Preloading 0 native plugins for Editor in 0.00 ms.
Invoked RoslynAnalysisRunner static constructor.
RoslynAnalysisRunner will not be running.
RoslynAnalysisRunner has terminated.
Mono: successfully reloaded assembly
- Completed reload, in  1.291 seconds
Platform modules already initialized, skipping
Switching build target platform(5) subTarget(0) extendedPlatform(0) -> platform(13) subTarget(537395200) extendedPlatform(0)
Refreshing native plugins compatible for Editor in 0.42 ms, found 1 plugins.
Preloading 0 native plugins for Editor in 0.00 ms.
Unloading 1798 Unused Serialized files (Serialized files now loaded: 0)
System memory in use before: 84.6 MB.
System memory in use after: 84.6 MB.

Unloading 12 unused Assets to reduce memory usage. Loaded Objects now: 2251.
Total: 2.488600 ms (FindLiveObjects: 0.178300 ms CreateObjectMapping: 0.114000 ms MarkObjects: 2.050000 ms  DeleteObjects: 0.144000 ms)

AssetImportParameters requested are different than current active one (requested -> active):
  custom:graphics/normal-map-encoding: 01000000000000000000000000000000 -> 02000000000000000000000000000000
========================================================================
Received Import Request.
  Time since last request: 120.722665 seconds.
  path: Assets/Scripts/GameControlelr2048.cs
  artifactKey: Guid(4ccf01541fc2493498c5fda155dfe643) Importer(815301076,1909f56bfc062723c751e8b465ee728b)
Start importing Assets/Scripts/GameControlelr2048.cs using Guid(4ccf01541fc2493498c5fda155dfe643) Importer(815301076,1909f56bfc062723c751e8b465ee728b)  -> (artifact id: 'e3588b71ba68a56207484954ea46d635') in 0.007670 seconds
  Import took 0.030203 seconds .

========================================================================
Received Prepare
Registering precompiled user dll's ...
Registered in 0.004125 seconds.
Begin MonoManager ReloadAssembly
Native extension for WindowsStandalone target not found
Refreshing native plugins compatible for Editor in 0.38 ms, found 1 plugins.
Preloading 0 native plugins for Editor in 0.00 ms.
Invoked RoslynAnalysisRunner static constructor.
RoslynAnalysisRunner will not be running.
RoslynAnalysisRunner has terminated.
Mono: successfully reloaded assembly
- Completed reload, in  1.138 seconds
Platform modules already initialized, skipping
Switching build target platform(5) subTarget(0) extendedPlatform(0) -> platform(13) subTarget(537395200) extendedPlatform(0)
Refreshing native plugins compatible for Editor in 0.36 ms, found 1 plugins.
Preloading 0 native plugins for Editor in 0.00 ms.
Unloading 1798 Unused Serialized files (Serialized files now loaded: 0)
System memory in use before: 84.6 MB.
System memory in use after: 84.6 MB.

Unloading 12 unused Assets to reduce memory usage. Loaded Objects now: 2254.
Total: 2.534300 ms (FindLiveObjects: 0.272300 ms CreateObjectMapping: 0.078000 ms MarkObjects: 2.057100 ms  DeleteObjects: 0.125500 ms)

AssetImportParameters requested are different than current active one (requested -> active):
  custom:graphics/normal-map-encoding: 01000000000000000000000000000000 -> 02000000000000000000000000000000
========================================================================
Received Import Request.
  Time since last request: 45.930681 seconds.
  path: Assets/Scripts/GameControlelr2048.cs
  artifactKey: Guid(4ccf01541fc2493498c5fda155dfe643) Importer(815301076,1909f56bfc062723c751e8b465ee728b)
Start importing Assets/Scripts/GameControlelr2048.cs using Guid(4ccf01541fc2493498c5fda155dfe643) Importer(815301076,1909f56bfc062723c751e8b465ee728b)  -> (artifact id: 'e5afc907a0df7cc0ef70e76ba374d6e0') in 0.006043 seconds
  Import took 0.266593 seconds .

========================================================================
Received Prepare
Registering precompiled user dll's ...
Registered in 0.001710 seconds.
Begin MonoManager ReloadAssembly
Native extension for WindowsStandalone target not found
Refreshing native plugins compatible for Editor in 0.37 ms, found 1 plugins.
Preloading 0 native plugins for Editor in 0.00 ms.
Invoked RoslynAnalysisRunner static constructor.
RoslynAnalysisRunner will not be running.
RoslynAnalysisRunner has terminated.
Mono: successfully reloaded assembly
- Completed reload, in  1.023 seconds
Platform modules already initialized, skipping
Switching build target platform(5) subTarget(0) extendedPlatform(0) -> platform(13) subTarget(537395200) extendedPlatform(0)
Refreshing native plugins compatible for Editor in 0.36 ms, found 1 plugins.
Preloading 0 native plugins for Editor in 0.00 ms.
Unloading 1798 Unused Serialized files (Serialized files now loaded: 0)
System memory in use before: 84.6 MB.
System memory in use after: 84.6 MB.

Unloading 12 unused Assets to reduce memory usage. Loaded Objects now: 2257.
Total: 3.026700 ms (FindLiveObjects: 0.190900 ms CreateObjectMapping: 0.067600 ms MarkObjects: 2.638200 ms  DeleteObjects: 0.128000 ms)

AssetImportParameters requested are different than current active one (requested -> active):
  custom:graphics/normal-map-encoding: 01000000000000000000000000000000 -> 02000000000000000000000000000000
========================================================================
Received Import Request.
  Time since last request: 340.383807 seconds.
  path: Assets/Scripts/GameControlelr2048.cs
  artifactKey: Guid(4ccf01541fc2493498c5fda155dfe643) Importer(815301076,1909f56bfc062723c751e8b465ee728b)
Start importing Assets/Scripts/GameControlelr2048.cs using Guid(4ccf01541fc2493498c5fda155dfe643) Importer(815301076,1909f56bfc062723c751e8b465ee728b)  -> (artifact id: 'dfd0f62fffd5aa841be5009bf698a598') in 0.039297 seconds
  Import took 0.063888 seconds .

========================================================================
Received Prepare
Registering precompiled user dll's ...
Registered in 0.001447 seconds.
Begin MonoManager ReloadAssembly
Native extension for WindowsStandalone target not found
Refreshing native plugins compatible for Editor in 0.38 ms, found 1 plugins.
Preloading 0 native plugins for Editor in 0.00 ms.
Invoked RoslynAnalysisRunner static constructor.
RoslynAnalysisRunner will not be running.
RoslynAnalysisRunner has terminated.
Mono: successfully reloaded assembly
- Completed reload, in  1.239 seconds
Platform modules already initialized, skipping
Switching build target platform(5) subTarget(0) extendedPlatform(0) -> platform(13) subTarget(537395200) extendedPlatform(0)
Refreshing native plugins compatible for Editor in 0.36 ms, found 1 plugins.
Preloading 0 native plugins for Editor in 0.00 ms.
Unloading 1798 Unused Serialized files (Serialized files now loaded: 0)
System memory in use before: 84.6 MB.
System memory in use after: 84.6 MB.

Unloading 12 unused Assets to reduce memory usage. Loaded Objects now: 2260.
Total: 2.782100 ms (FindLiveObjects: 0.464100 ms CreateObjectMapping: 0.115500 ms MarkObjects: 2.071500 ms  DeleteObjects: 0.127500 ms)

AssetImportParameters requested are different than current active one (requested -> active):
  custom:graphics/normal-map-encoding: 01000000000000000000000000000000 -> 02000000000000000000000000000000
========================================================================
Received Import Request.
  Time since last request: 173.120373 seconds.
  path: Assets/Scripts/GameControlelr2048.cs
  artifactKey: Guid(4ccf01541fc2493498c5fda155dfe643) Importer(815301076,1909f56bfc062723c751e8b465ee728b)
Start importing Assets/Scripts/GameControlelr2048.cs using Guid(4ccf01541fc2493498c5fda155dfe643) Importer(815301076,1909f56bfc062723c751e8b465ee728b)  -> (artifact id: 'b80e5eef99459d84edb62c1ae20898fb') in 0.007881 seconds
  Import took 0.037992 seconds .

========================================================================
Received Prepare
Registering precompiled user dll's ...
Registered in 0.000949 seconds.
Begin MonoManager ReloadAssembly
Native extension for WindowsStandalone target not found
Refreshing native plugins compatible for Editor in 0.74 ms, found 1 plugins.
Preloading 0 native plugins for Editor in 0.00 ms.
Invoked RoslynAnalysisRunner static constructor.
RoslynAnalysisRunner will not be running.
RoslynAnalysisRunner has terminated.
Mono: successfully reloaded assembly
- Completed reload, in  1.153 seconds
Platform modules already initialized, skipping
Switching build target platform(5) subTarget(0) extendedPlatform(0) -> platform(13) subTarget(537395200) extendedPlatform(0)
Refreshing native plugins compatible for Editor in 0.36 ms, found 1 plugins.
Preloading 0 native plugins for Editor in 0.00 ms.
Unloading 1798 Unused Serialized files (Serialized files now loaded: 0)
System memory in use before: 84.6 MB.
System memory in use after: 84.6 MB.

Unloading 12 unused Assets to reduce memory usage. Loaded Objects now: 2263.
Total: 2.546100 ms (FindLiveObjects: 0.285300 ms CreateObjectMapping: 0.090100 ms MarkObjects: 2.044300 ms  DeleteObjects: 0.125200 ms)

AssetImportParameters requested are different than current active one (requested -> active):
  custom:graphics/normal-map-encoding: 01000000000000000000000000000000 -> 02000000000000000000000000000000
========================================================================
Received Import Request.
  Time since last request: 73.340564 seconds.
  path: Assets/Scripts/GameControlelr2048.cs
  artifactKey: Guid(4ccf01541fc2493498c5fda155dfe643) Importer(815301076,1909f56bfc062723c751e8b465ee728b)
Start importing Assets/Scripts/GameControlelr2048.cs using Guid(4ccf01541fc2493498c5fda155dfe643) Importer(815301076,1909f56bfc062723c751e8b465ee728b)  -> (artifact id: '56a4b20a3802e7d4590a93cb122b0019') in 0.012284 seconds
  Import took 0.035491 seconds .

========================================================================
Received Import Request.
  Time since last request: 0.066447 seconds.
  path: Assets/Scripts/GameControlelr2048.cs
  artifactKey: Guid(4ccf01541fc2493498c5fda155dfe643) Importer(815301076,1909f56bfc062723c751e8b465ee728b)
Start importing Assets/Scripts/GameControlelr2048.cs using Guid(4ccf01541fc2493498c5fda155dfe643) Importer(815301076,1909f56bfc062723c751e8b465ee728b)  -> (artifact id: '56a4b20a3802e7d4590a93cb122b0019') in 0.007116 seconds
  Import took 0.013160 seconds .

========================================================================
Received Prepare
Registering precompiled user dll's ...
Registered in 0.000941 seconds.
Begin MonoManager ReloadAssembly
Native extension for WindowsStandalone target not found
Refreshing native plugins compatible for Editor in 0.48 ms, found 1 plugins.
Preloading 0 native plugins for Editor in 0.00 ms.
Invoked RoslynAnalysisRunner static constructor.
RoslynAnalysisRunner will not be running.
RoslynAnalysisRunner has terminated.
Mono: successfully reloaded assembly
- Completed reload, in  1.332 seconds
Platform modules already initialized, skipping
Switching build target platform(5) subTarget(0) extendedPlatform(0) -> platform(13) subTarget(537395200) extendedPlatform(0)
Refreshing native plugins compatible for Editor in 0.38 ms, found 1 plugins.
Preloading 0 native plugins for Editor in 0.00 ms.
Unloading 1798 Unused Serialized files (Serialized files now loaded: 0)
System memory in use before: 84.6 MB.
System memory in use after: 84.6 MB.

Unloading 12 unused Assets to reduce memory usage. Loaded Objects now: 2266.
Total: 2.668700 ms (FindLiveObjects: 0.231500 ms CreateObjectMapping: 0.098800 ms MarkObjects: 2.209800 ms  DeleteObjects: 0.126900 ms)

AssetImportParameters requested are different than current active one (requested -> active):
  custom:graphics/normal-map-encoding: 01000000000000000000000000000000 -> 02000000000000000000000000000000
========================================================================
Received Prepare
Registering precompiled user dll's ...
Registered in 0.000828 seconds.
Begin MonoManager ReloadAssembly
Native extension for WindowsStandalone target not found
Refreshing native plugins compatible for Editor in 0.36 ms, found 1 plugins.
Preloading 0 native plugins for Editor in 0.00 ms.
Invoked RoslynAnalysisRunner static constructor.
RoslynAnalysisRunner will not be running.
RoslynAnalysisRunner has terminated.
Mono: successfully reloaded assembly
- Completed reload, in  1.240 seconds
Platform modules already initialized, skipping
Switching build target platform(5) subTarget(0) extendedPlatform(0) -> platform(13) subTarget(537395200) extendedPlatform(0)
Refreshing native plugins compatible for Editor in 0.36 ms, found 1 plugins.
Preloading 0 native plugins for Editor in 0.00 ms.
Unloading 1798 Unused Serialized files (Serialized files now loaded: 0)
System memory in use before: 84.6 MB.
System memory in use after: 84.6 MB.

Unloading 12 unused Assets to reduce memory usage. Loaded Objects now: 2269.
Total: 2.975800 ms (FindLiveObjects: 0.446900 ms CreateObjectMapping: 0.134100 ms MarkObjects: 2.266700 ms  DeleteObjects: 0.125900 ms)

AssetImportParameters requested are different than current active one (requested -> active):
  custom:graphics/normal-map-encoding: 01000000000000000000000000000000 -> 02000000000000000000000000000000
========================================================================
Received Import Request.
  Time since last request: 50.113486 seconds.
  path: Assets/Scripts/GameControlelr2048.cs
  artifactKey: Guid(4ccf01541fc2493498c5fda155dfe643) Importer(815301076,1909f56bfc062723c751e8b465ee728b)
Start importing Assets/Scripts/GameControlelr2048.cs using Guid(4ccf01541fc2493498c5fda155dfe643) Importer(815301076,1909f56bfc062723c751e8b465ee728b)  -> (artifact id: 'c49b417e6dd338ed263219d890fde117') in 0.007954 seconds
  Import took 0.060558 seconds .

========================================================================
Received Import Request.
  Time since last request: 0.014472 seconds.
  path: Assets/Scripts/GameControlelr2048.cs
  artifactKey: Guid(4ccf01541fc2493498c5fda155dfe643) Importer(815301076,1909f56bfc062723c751e8b465ee728b)
Start importing Assets/Scripts/GameControlelr2048.cs using Guid(4ccf01541fc2493498c5fda155dfe643) Importer(815301076,1909f56bfc062723c751e8b465ee728b)  -> (artifact id: 'c49b417e6dd338ed263219d890fde117') in 0.004987 seconds
  Import took 0.010583 seconds .

========================================================================
Received Prepare
Registering precompiled user dll's ...
Registered in 0.000848 seconds.
Begin MonoManager ReloadAssembly
Native extension for WindowsStandalone target not found
Refreshing native plugins compatible for Editor in 0.36 ms, found 1 plugins.
Preloading 0 native plugins for Editor in 0.00 ms.
Invoked RoslynAnalysisRunner static constructor.
RoslynAnalysisRunner will not be running.
RoslynAnalysisRunner has terminated.
Mono: successfully reloaded assembly
- Completed reload, in  1.060 seconds
Platform modules already initialized, skipping
Switching build target platform(5) subTarget(0) extendedPlatform(0) -> platform(13) subTarget(537395200) extendedPlatform(0)
Refreshing native plugins compatible for Editor in 0.44 ms, found 1 plugins.
Preloading 0 native plugins for Editor in 0.00 ms.
Unloading 1798 Unused Serialized files (Serialized files now loaded: 0)
System memory in use before: 84.6 MB.
System memory in use after: 84.6 MB.

Unloading 12 unused Assets to reduce memory usage. Loaded Objects now: 2272.
Total: 2.502400 ms (FindLiveObjects: 0.422200 ms CreateObjectMapping: 0.075800 ms MarkObjects: 1.883800 ms  DeleteObjects: 0.118800 ms)

AssetImportParameters requested are different than current active one (requested -> active):
  custom:graphics/normal-map-encoding: 01000000000000000000000000000000 -> 02000000000000000000000000000000
========================================================================
Received Import Request.
  Time since last request: 576.707722 seconds.
  path: Assets/Scripts/GameControlelr2048.cs
  artifactKey: Guid(4ccf01541fc2493498c5fda155dfe643) Importer(815301076,1909f56bfc062723c751e8b465ee728b)
Start importing Assets/Scripts/GameControlelr2048.cs using Guid(4ccf01541fc2493498c5fda155dfe643) Importer(815301076,1909f56bfc062723c751e8b465ee728b)  -> (artifact id: '5b3e95a764108732c8704f674adef475') in 0.019295 seconds
  Import took 0.053927 seconds .

========================================================================
Received Import Request.
  Time since last request: 66.160000 seconds.
  path: Assets/Scripts/GameControlelr2048.cs
  artifactKey: Guid(4ccf01541fc2493498c5fda155dfe643) Importer(815301076,1909f56bfc062723c751e8b465ee728b)
Start importing Assets/Scripts/GameControlelr2048.cs using Guid(4ccf01541fc2493498c5fda155dfe643) Importer(815301076,1909f56bfc062723c751e8b465ee728b)  -> (artifact id: '971c68a53e508e88243e70d7c0ade213') in 0.049091 seconds
  Import took 0.064184 seconds .

========================================================================
Received Import Request.
  Time since last request: 153.409907 seconds.
  path: Assets/Scripts/GameControlelr2048.cs
  artifactKey: Guid(4ccf01541fc2493498c5fda155dfe643) Importer(815301076,1909f56bfc062723c751e8b465ee728b)
Start importing Assets/Scripts/GameControlelr2048.cs using Guid(4ccf01541fc2493498c5fda155dfe643) Importer(815301076,1909f56bfc062723c751e8b465ee728b)  -> (artifact id: '354c761131674aa9cfdbac77667c2faa') in 0.007825 seconds
  Import took 0.061447 seconds .

========================================================================
Received Prepare
Registering precompiled user dll's ...
Registered in 0.000802 seconds.
Begin MonoManager ReloadAssembly
Native extension for WindowsStandalone target not found
Refreshing native plugins compatible for Editor in 0.37 ms, found 1 plugins.
Preloading 0 native plugins for Editor in 0.00 ms.
Invoked RoslynAnalysisRunner static constructor.
RoslynAnalysisRunner will not be running.
RoslynAnalysisRunner has terminated.
Mono: successfully reloaded assembly
- Completed reload, in  1.217 seconds
Platform modules already initialized, skipping
Switching build target platform(5) subTarget(0) extendedPlatform(0) -> platform(13) subTarget(537395200) extendedPlatform(0)
Refreshing native plugins compatible for Editor in 0.36 ms, found 1 plugins.
Preloading 0 native plugins for Editor in 0.00 ms.
Unloading 1798 Unused Serialized files (Serialized files now loaded: 0)
System memory in use before: 84.6 MB.
System memory in use after: 84.6 MB.

Unloading 12 unused Assets to reduce memory usage. Loaded Objects now: 2275.
Total: 2.640300 ms (FindLiveObjects: 0.594800 ms CreateObjectMapping: 0.115400 ms MarkObjects: 1.802900 ms  DeleteObjects: 0.125400 ms)

AssetImportParameters requested are different than current active one (requested -> active):
  custom:graphics/normal-map-encoding: 01000000000000000000000000000000 -> 02000000000000000000000000000000
========================================================================
Received Import Request.
  Time since last request: 162.038225 seconds.
  path: Assets/Scripts/GameControlelr2048.cs
  artifactKey: Guid(4ccf01541fc2493498c5fda155dfe643) Importer(815301076,1909f56bfc062723c751e8b465ee728b)
Start importing Assets/Scripts/GameControlelr2048.cs using Guid(4ccf01541fc2493498c5fda155dfe643) Importer(815301076,1909f56bfc062723c751e8b465ee728b)  -> (artifact id: 'd092a9a0f05e8b57c12fa89fc5a02a10') in 0.006450 seconds
  Import took 0.065404 seconds .

AssetImportWorkerClient::OnTransportError - code=2 error=End of file
